<?xml version="1.0" encoding="UTF-8"?>
<!-- Generated by org.testng.reporters.JUnitXMLReporter -->
<testsuite ignored="0" hostname="gipl-226" failures="0" tests="3" name="Test" time="13.07" errors="0" timestamp="2023-05-01T11:50:27 IST">
  <testcase classname="com_Cadou_giftting.Test.TC_Login_001" name="verifyTitle" time="3.808"/>
  <testcase classname="com_Cadou_giftting.Test.TC_Login_001" name="verifyLogin" time="0.297"/>
  <testcase classname="com_Cadou_giftting.Test.TC_Login_001" name="AssignCaptianShift" time="8.912"/>
</testsuite> <!-- Test -->
