<?xml version="1.0" encoding="UTF-8"?>
<testng-results ignored="0" total="3" passed="3" failed="0" skipped="0">
  <reporter-output>
  </reporter-output>
  <suite started-at="2023-05-01T11:52:07 IST" name="Suite" finished-at="2023-05-01T11:52:23 IST" duration-ms="15547">
    <groups>
    </groups>
    <test started-at="2023-05-01T11:52:07 IST" name="Test" finished-at="2023-05-01T11:52:23 IST" duration-ms="15547">
      <class name="com_Cadou_giftting.Test.TC_Login_001">
        <test-method is-config="true" signature="setupClass()[pri:0, instance:com_Cadou_giftting.Test.TC_Login_001@6d763516]" started-at="2023-05-01T11:52:05 IST" name="setupClass" finished-at="2023-05-01T11:52:07 IST" duration-ms="2117" status="PASS">
          <reporter-output>
          </reporter-output>
        </test-method> <!-- setupClass -->
        <test-method signature="verifyTitle()[pri:1, instance:com_Cadou_giftting.Test.TC_Login_001@6d763516]" started-at="2023-05-01T11:52:07 IST" name="verifyTitle" finished-at="2023-05-01T11:52:13 IST" duration-ms="5767" status="PASS">
          <reporter-output>
          </reporter-output>
        </test-method> <!-- verifyTitle -->
        <test-method signature="verifyLogin()[pri:2, instance:com_Cadou_giftting.Test.TC_Login_001@6d763516]" started-at="2023-05-01T11:52:13 IST" name="verifyLogin" finished-at="2023-05-01T11:52:13 IST" duration-ms="260" status="PASS">
          <reporter-output>
          </reporter-output>
        </test-method> <!-- verifyLogin -->
        <test-method signature="AssignCaptianShift()[pri:3, instance:com_Cadou_giftting.Test.TC_Login_001@6d763516]" started-at="2023-05-01T11:52:13 IST" name="AssignCaptianShift" finished-at="2023-05-01T11:52:23 IST" duration-ms="9476" status="PASS">
          <reporter-output>
          </reporter-output>
        </test-method> <!-- AssignCaptianShift -->
      </class> <!-- com_Cadou_giftting.Test.TC_Login_001 -->
    </test> <!-- Test -->
  </suite> <!-- Suite -->
</testng-results>
