<?xml version="1.0" encoding="UTF-8"?>
<testng-results ignored="0" total="3" passed="3" failed="0" skipped="0">
  <reporter-output>
  </reporter-output>
  <suite started-at="2023-05-01T11:50:13 IST" name="Suite" finished-at="2023-05-01T11:50:27 IST" duration-ms="13070">
    <groups>
    </groups>
    <test started-at="2023-05-01T11:50:13 IST" name="Test" finished-at="2023-05-01T11:50:27 IST" duration-ms="13070">
      <class name="com_Cadou_giftting.Test.TC_Login_001">
        <test-method is-config="true" signature="setupClass()[pri:0, instance:com_Cadou_giftting.Test.TC_Login_001@2d3379b4]" started-at="2023-05-01T11:50:10 IST" name="setupClass" finished-at="2023-05-01T11:50:13 IST" duration-ms="3776" status="PASS">
          <reporter-output>
          </reporter-output>
        </test-method> <!-- setupClass -->
        <test-method signature="verifyTitle()[pri:1, instance:com_Cadou_giftting.Test.TC_Login_001@2d3379b4]" started-at="2023-05-01T11:50:14 IST" name="verifyTitle" finished-at="2023-05-01T11:50:17 IST" duration-ms="3808" status="PASS">
          <reporter-output>
          </reporter-output>
        </test-method> <!-- verifyTitle -->
        <test-method signature="verifyLogin()[pri:2, instance:com_Cadou_giftting.Test.TC_Login_001@2d3379b4]" started-at="2023-05-01T11:50:17 IST" name="verifyLogin" finished-at="2023-05-01T11:50:18 IST" duration-ms="297" status="PASS">
          <reporter-output>
          </reporter-output>
        </test-method> <!-- verifyLogin -->
        <test-method signature="AssignCaptianShift()[pri:3, instance:com_Cadou_giftting.Test.TC_Login_001@2d3379b4]" started-at="2023-05-01T11:50:18 IST" name="AssignCaptianShift" finished-at="2023-05-01T11:50:27 IST" duration-ms="8912" status="PASS">
          <reporter-output>
          </reporter-output>
        </test-method> <!-- AssignCaptianShift -->
      </class> <!-- com_Cadou_giftting.Test.TC_Login_001 -->
    </test> <!-- Test -->
  </suite> <!-- Suite -->
</testng-results>
